<?xml version="1.0" encoding="UTF-8"?>
<testsuite name="com.personalHomepage.demo.PersonalHomepageV2ApplicationTests" tests="1" skipped="0" failures="0" errors="0" timestamp="2024-01-16T09:20:05" hostname="leedongseopui-MacBookAir.local" time="1.003">
  <properties/>
  <testcase name="contextLoads()" classname="com.personalHomepage.demo.PersonalHomepageV2ApplicationTests" time="1.003"/>
  <system-out><![CDATA[Standard Commons Logging discovery in action with spring-jcl: please remove commons-logging.jar from classpath in order to avoid potential conflicts
18:19:46.825 [Test worker] INFO org.springframework.test.context.support.AnnotationConfigContextLoaderUtils -- Could not detect default configuration classes for test class [com.personalHomepage.demo.PersonalHomepageV2ApplicationTests]: PersonalHomepageV2ApplicationTests does not declare any static, non-private, non-final, nested classes annotated with @Configuration.
18:19:47.043 [Test worker] INFO org.springframework.boot.test.context.SpringBootTestContextBootstrapper -- Found @SpringBootConfiguration com.personalHomepage.demo.PersonalHomepageV2Application for test class com.personalHomepage.demo.PersonalHomepageV2ApplicationTests

  .   ____          _            __ _ _
 /\\ / ___'_ __ _ _(_)_ __  __ _ \ \ \ \
( ( )\___ | '_ | '_| | '_ \/ _` | \ \ \ \
 \\/  ___)| |_)| | | | | || (_| |  ) ) ) )
  '  |____| .__|_| |_|_| |_\__, | / / / /
 =========|_|==============|___/=/_/_/_/
 :: Spring Boot ::                (v3.1.2)

2024-01-16T18:19:47.804+09:00  INFO 36712 --- [    Test worker] c.p.d.PersonalHomepageV2ApplicationTests : Starting PersonalHomepageV2ApplicationTests using Java 17.0.4.1 with PID 36712 (started by leedongseop in /Users/leedongseop/Desktop/personal-homepage-v2/personal-homepage)
2024-01-16T18:19:47.808+09:00  INFO 36712 --- [    Test worker] c.p.d.PersonalHomepageV2ApplicationTests : No active profile set, falling back to 1 default profile: "default"
2024-01-16T18:19:49.890+09:00  INFO 36712 --- [    Test worker] .s.d.r.c.RepositoryConfigurationDelegate : Multiple Spring Data modules found, entering strict repository configuration mode
2024-01-16T18:19:49.894+09:00  INFO 36712 --- [    Test worker] .s.d.r.c.RepositoryConfigurationDelegate : Bootstrapping Spring Data JDBC repositories in DEFAULT mode.
2024-01-16T18:19:50.156+09:00  INFO 36712 --- [    Test worker] .RepositoryConfigurationExtensionSupport : Spring Data JDBC - Could not safely identify store assignment for repository candidate interface com.personalHomepage.demo.repository.ReceiptAmountTeamRepository; If you want this repository to be a JDBC repository, consider annotating your entities with one of these annotations: org.springframework.data.relational.core.mapping.Table.
2024-01-16T18:19:50.185+09:00  INFO 36712 --- [    Test worker] .RepositoryConfigurationExtensionSupport : Spring Data JDBC - Could not safely identify store assignment for repository candidate interface com.personalHomepage.demo.repository.ReceiptCategoryRepository; If you want this repository to be a JDBC repository, consider annotating your entities with one of these annotations: org.springframework.data.relational.core.mapping.Table.
2024-01-16T18:19:50.200+09:00  INFO 36712 --- [    Test worker] .RepositoryConfigurationExtensionSupport : Spring Data JDBC - Could not safely identify store assignment for repository candidate interface com.personalHomepage.demo.repository.ReceiptCategoryTeamRepository; If you want this repository to be a JDBC repository, consider annotating your entities with one of these annotations: org.springframework.data.relational.core.mapping.Table.
2024-01-16T18:19:50.205+09:00  INFO 36712 --- [    Test worker] .RepositoryConfigurationExtensionSupport : Spring Data JDBC - Could not safely identify store assignment for repository candidate interface com.personalHomepage.demo.repository.ReceiptDataFrameRepository; If you want this repository to be a JDBC repository, consider annotating your entities with one of these annotations: org.springframework.data.relational.core.mapping.Table.
2024-01-16T18:19:50.244+09:00  INFO 36712 --- [    Test worker] .RepositoryConfigurationExtensionSupport : Spring Data JDBC - Could not safely identify store assignment for repository candidate interface com.personalHomepage.demo.repository.ReceiptRepository; If you want this repository to be a JDBC repository, consider annotating your entities with one of these annotations: org.springframework.data.relational.core.mapping.Table.
2024-01-16T18:19:50.254+09:00  INFO 36712 --- [    Test worker] .RepositoryConfigurationExtensionSupport : Spring Data JDBC - Could not safely identify store assignment for repository candidate interface com.personalHomepage.demo.repository.ReceiptSummaryRepository; If you want this repository to be a JDBC repository, consider annotating your entities with one of these annotations: org.springframework.data.relational.core.mapping.Table.
2024-01-16T18:19:50.278+09:00  INFO 36712 --- [    Test worker] .RepositoryConfigurationExtensionSupport : Spring Data JDBC - Could not safely identify store assignment for repository candidate interface com.personalHomepage.demo.repository.TeamsRepository; If you want this repository to be a JDBC repository, consider annotating your entities with one of these annotations: org.springframework.data.relational.core.mapping.Table.
2024-01-16T18:19:50.291+09:00  INFO 36712 --- [    Test worker] .RepositoryConfigurationExtensionSupport : Spring Data JDBC - Could not safely identify store assignment for repository candidate interface com.personalHomepage.demo.repository.UserInfoRepository; If you want this repository to be a JDBC repository, consider annotating your entities with one of these annotations: org.springframework.data.relational.core.mapping.Table.
2024-01-16T18:19:50.305+09:00  INFO 36712 --- [    Test worker] .s.d.r.c.RepositoryConfigurationDelegate : Finished Spring Data repository scanning in 364 ms. Found 0 JDBC repository interfaces.
2024-01-16T18:19:50.635+09:00  INFO 36712 --- [    Test worker] .s.d.r.c.RepositoryConfigurationDelegate : Multiple Spring Data modules found, entering strict repository configuration mode
2024-01-16T18:19:50.640+09:00  INFO 36712 --- [    Test worker] .s.d.r.c.RepositoryConfigurationDelegate : Bootstrapping Spring Data JPA repositories in DEFAULT mode.
2024-01-16T18:19:51.013+09:00  INFO 36712 --- [    Test worker] .s.d.r.c.RepositoryConfigurationDelegate : Finished Spring Data repository scanning in 343 ms. Found 8 JPA repository interfaces.
2024-01-16T18:19:54.478+09:00  INFO 36712 --- [    Test worker] com.zaxxer.hikari.HikariDataSource       : HikariPool-1 - Starting...
2024-01-16T18:19:55.888+09:00  INFO 36712 --- [    Test worker] com.zaxxer.hikari.pool.HikariPool        : HikariPool-1 - Added connection com.mysql.cj.jdbc.ConnectionImpl@7a66c35a
2024-01-16T18:19:55.896+09:00  INFO 36712 --- [    Test worker] com.zaxxer.hikari.HikariDataSource       : HikariPool-1 - Start completed.
2024-01-16T18:19:56.061+09:00  INFO 36712 --- [    Test worker] o.hibernate.jpa.internal.util.LogHelper  : HHH000204: Processing PersistenceUnitInfo [name: default]
2024-01-16T18:19:56.218+09:00  INFO 36712 --- [    Test worker] org.hibernate.Version                    : HHH000412: Hibernate ORM core version 6.2.6.Final
2024-01-16T18:19:56.228+09:00  INFO 36712 --- [    Test worker] org.hibernate.cfg.Environment            : HHH000406: Using bytecode reflection optimizer
2024-01-16T18:19:56.742+09:00  INFO 36712 --- [    Test worker] o.h.b.i.BytecodeProviderInitiator        : HHH000021: Bytecode provider name : bytebuddy
2024-01-16T18:19:57.063+09:00  INFO 36712 --- [    Test worker] o.s.o.j.p.SpringPersistenceUnitInfo      : No LoadTimeWeaver setup: ignoring JPA class transformer
2024-01-16T18:19:58.622+09:00  INFO 36712 --- [    Test worker] o.h.b.i.BytecodeProviderInitiator        : HHH000021: Bytecode provider name : bytebuddy
2024-01-16T18:20:00.875+09:00  INFO 36712 --- [    Test worker] o.h.e.t.j.p.i.JtaPlatformInitiator       : HHH000490: Using JtaPlatform implementation: [org.hibernate.engine.transaction.jta.platform.internal.NoJtaPlatform]
2024-01-16T18:20:00.882+09:00  INFO 36712 --- [    Test worker] j.LocalContainerEntityManagerFactoryBean : Initialized JPA EntityManagerFactory for persistence unit 'default'
2024-01-16T18:20:02.230+09:00  INFO 36712 --- [    Test worker] o.s.d.j.r.query.QueryEnhancerFactory     : Hibernate is in classpath; If applicable, HQL parser will be used.
2024-01-16T18:20:03.576+09:00  WARN 36712 --- [    Test worker] JpaBaseConfiguration$JpaWebConfiguration : spring.jpa.open-in-view is enabled by default. Therefore, database queries may be performed during view rendering. Explicitly configure spring.jpa.open-in-view to disable this warning
2024-01-16T18:20:05.321+09:00  INFO 36712 --- [    Test worker] c.p.d.PersonalHomepageV2ApplicationTests : Started PersonalHomepageV2ApplicationTests in 18.046 seconds (process running for 20.105)
]]></system-out>
  <system-err><![CDATA[]]></system-err>
</testsuite>
