<?xml version="1.0" encoding="UTF-8"?>
<testsuite name="com.personalHomepage.demo.PersonalHomepageV2ApplicationTests" tests="1" skipped="0" failures="0" errors="0" timestamp="2023-12-20T16:06:43" hostname="leedongseopui-MacBookAir.local" time="0.683">
  <properties/>
  <testcase name="contextLoads()" classname="com.personalHomepage.demo.PersonalHomepageV2ApplicationTests" time="0.683"/>
  <system-out><![CDATA[Standard Commons Logging discovery in action with spring-jcl: please remove commons-logging.jar from classpath in order to avoid potential conflicts
01:06:35.966 [Test worker] INFO org.springframework.test.context.support.AnnotationConfigContextLoaderUtils -- Could not detect default configuration classes for test class [com.personalHomepage.demo.PersonalHomepageV2ApplicationTests]: PersonalHomepageV2ApplicationTests does not declare any static, non-private, non-final, nested classes annotated with @Configuration.
01:06:36.109 [Test worker] INFO org.springframework.boot.test.context.SpringBootTestContextBootstrapper -- Found @SpringBootConfiguration com.personalHomepage.demo.PersonalHomepageV2Application for test class com.personalHomepage.demo.PersonalHomepageV2ApplicationTests

  .   ____          _            __ _ _
 /\\ / ___'_ __ _ _(_)_ __  __ _ \ \ \ \
( ( )\___ | '_ | '_| | '_ \/ _` | \ \ \ \
 \\/  ___)| |_)| | | | | || (_| |  ) ) ) )
  '  |____| .__|_| |_|_| |_\__, | / / / /
 =========|_|==============|___/=/_/_/_/
 :: Spring Boot ::                (v3.1.2)

2023-12-21T01:06:36.638+09:00  INFO 81270 --- [    Test worker] c.p.d.PersonalHomepageV2ApplicationTests : Starting PersonalHomepageV2ApplicationTests using Java 17.0.4.1 with PID 81270 (started by leedongseop in /Users/leedongseop/Desktop/personal-homepage-v2/personal-homepage)
2023-12-21T01:06:36.642+09:00  INFO 81270 --- [    Test worker] c.p.d.PersonalHomepageV2ApplicationTests : No active profile set, falling back to 1 default profile: "default"
2023-12-21T01:06:37.709+09:00  INFO 81270 --- [    Test worker] .s.d.r.c.RepositoryConfigurationDelegate : Multiple Spring Data modules found, entering strict repository configuration mode
2023-12-21T01:06:37.711+09:00  INFO 81270 --- [    Test worker] .s.d.r.c.RepositoryConfigurationDelegate : Bootstrapping Spring Data JDBC repositories in DEFAULT mode.
2023-12-21T01:06:37.798+09:00  INFO 81270 --- [    Test worker] .RepositoryConfigurationExtensionSupport : Spring Data JDBC - Could not safely identify store assignment for repository candidate interface com.personalHomepage.demo.repository.ReceiptAmountTeamRepository; If you want this repository to be a JDBC repository, consider annotating your entities with one of these annotations: org.springframework.data.relational.core.mapping.Table.
2023-12-21T01:06:37.801+09:00  INFO 81270 --- [    Test worker] .RepositoryConfigurationExtensionSupport : Spring Data JDBC - Could not safely identify store assignment for repository candidate interface com.personalHomepage.demo.repository.ReceiptCategoryRepository; If you want this repository to be a JDBC repository, consider annotating your entities with one of these annotations: org.springframework.data.relational.core.mapping.Table.
2023-12-21T01:06:37.804+09:00  INFO 81270 --- [    Test worker] .RepositoryConfigurationExtensionSupport : Spring Data JDBC - Could not safely identify store assignment for repository candidate interface com.personalHomepage.demo.repository.ReceiptCategoryTeamRepository; If you want this repository to be a JDBC repository, consider annotating your entities with one of these annotations: org.springframework.data.relational.core.mapping.Table.
2023-12-21T01:06:37.805+09:00  INFO 81270 --- [    Test worker] .RepositoryConfigurationExtensionSupport : Spring Data JDBC - Could not safely identify store assignment for repository candidate interface com.personalHomepage.demo.repository.ReceiptRepository; If you want this repository to be a JDBC repository, consider annotating your entities with one of these annotations: org.springframework.data.relational.core.mapping.Table.
2023-12-21T01:06:37.807+09:00  INFO 81270 --- [    Test worker] .RepositoryConfigurationExtensionSupport : Spring Data JDBC - Could not safely identify store assignment for repository candidate interface com.personalHomepage.demo.repository.ReceiptSummaryRepository; If you want this repository to be a JDBC repository, consider annotating your entities with one of these annotations: org.springframework.data.relational.core.mapping.Table.
2023-12-21T01:06:37.812+09:00  INFO 81270 --- [    Test worker] .RepositoryConfigurationExtensionSupport : Spring Data JDBC - Could not safely identify store assignment for repository candidate interface com.personalHomepage.demo.repository.UserInfoRepository; If you want this repository to be a JDBC repository, consider annotating your entities with one of these annotations: org.springframework.data.relational.core.mapping.Table.
2023-12-21T01:06:37.813+09:00  INFO 81270 --- [    Test worker] .s.d.r.c.RepositoryConfigurationDelegate : Finished Spring Data repository scanning in 84 ms. Found 0 JDBC repository interfaces.
2023-12-21T01:06:37.855+09:00  INFO 81270 --- [    Test worker] .s.d.r.c.RepositoryConfigurationDelegate : Multiple Spring Data modules found, entering strict repository configuration mode
2023-12-21T01:06:37.856+09:00  INFO 81270 --- [    Test worker] .s.d.r.c.RepositoryConfigurationDelegate : Bootstrapping Spring Data JPA repositories in DEFAULT mode.
2023-12-21T01:06:37.945+09:00  INFO 81270 --- [    Test worker] .s.d.r.c.RepositoryConfigurationDelegate : Finished Spring Data repository scanning in 84 ms. Found 6 JPA repository interfaces.
2023-12-21T01:06:39.071+09:00  INFO 81270 --- [    Test worker] com.zaxxer.hikari.HikariDataSource       : HikariPool-1 - Starting...
2023-12-21T01:06:39.714+09:00  INFO 81270 --- [    Test worker] com.zaxxer.hikari.pool.HikariPool        : HikariPool-1 - Added connection com.mysql.cj.jdbc.ConnectionImpl@36c07c75
2023-12-21T01:06:39.719+09:00  INFO 81270 --- [    Test worker] com.zaxxer.hikari.HikariDataSource       : HikariPool-1 - Start completed.
2023-12-21T01:06:39.791+09:00  INFO 81270 --- [    Test worker] o.hibernate.jpa.internal.util.LogHelper  : HHH000204: Processing PersistenceUnitInfo [name: default]
2023-12-21T01:06:39.836+09:00  INFO 81270 --- [    Test worker] org.hibernate.Version                    : HHH000412: Hibernate ORM core version 6.2.6.Final
2023-12-21T01:06:39.838+09:00  INFO 81270 --- [    Test worker] org.hibernate.cfg.Environment            : HHH000406: Using bytecode reflection optimizer
2023-12-21T01:06:40.049+09:00  INFO 81270 --- [    Test worker] o.h.b.i.BytecodeProviderInitiator        : HHH000021: Bytecode provider name : bytebuddy
2023-12-21T01:06:40.205+09:00  INFO 81270 --- [    Test worker] o.s.o.j.p.SpringPersistenceUnitInfo      : No LoadTimeWeaver setup: ignoring JPA class transformer
2023-12-21T01:06:40.483+09:00  INFO 81270 --- [    Test worker] o.h.b.i.BytecodeProviderInitiator        : HHH000021: Bytecode provider name : bytebuddy
2023-12-21T01:06:41.206+09:00  INFO 81270 --- [    Test worker] o.h.e.t.j.p.i.JtaPlatformInitiator       : HHH000490: Using JtaPlatform implementation: [org.hibernate.engine.transaction.jta.platform.internal.NoJtaPlatform]
2023-12-21T01:06:41.209+09:00  INFO 81270 --- [    Test worker] j.LocalContainerEntityManagerFactoryBean : Initialized JPA EntityManagerFactory for persistence unit 'default'
2023-12-21T01:06:41.847+09:00  INFO 81270 --- [    Test worker] o.s.d.j.r.query.QueryEnhancerFactory     : Hibernate is in classpath; If applicable, HQL parser will be used.
2023-12-21T01:06:42.380+09:00  WARN 81270 --- [    Test worker] JpaBaseConfiguration$JpaWebConfiguration : spring.jpa.open-in-view is enabled by default. Therefore, database queries may be performed during view rendering. Explicitly configure spring.jpa.open-in-view to disable this warning
2023-12-21T01:06:43.215+09:00  INFO 81270 --- [    Test worker] c.p.d.PersonalHomepageV2ApplicationTests : Started PersonalHomepageV2ApplicationTests in 6.937 seconds (process running for 8.47)
]]></system-out>
  <system-err><![CDATA[]]></system-err>
</testsuite>
